['26000007014AF528', 'F0000007012AB328', 'C200000701550228']
HA7E:  '\x0026000007014AF528\r'
HA7E:  '4E4B467F\r'
HA7E:  '4'
HA7E:  '26000007014AF528\r'
HA7E:  '26000007014AF528\r'
HA7E:  '44\r'
HA7E:  '26000007014AF528\r'
HA7E:  'BE52014B467FFF0E10FF\r'
Convert BE52014B467FFF0E10FF 21.125
HA7E:  'F0000007012AB328\r'
HA7E:  '4E4B467F\r'
HA7E:  '\r'
HA7E:  'F0000007012AB328\r'
HA7E:  'F0000007012AB328\r'
HA7E:  '44\r'
HA7E:  'F0000007012AB328\r'
HA7E:  'BE51014B467FFF0F10FE\r'
Convert BE51014B467FFF0F10FE 21.0625
HA7E:  'C200000701550228\r'
HA7E:  '4E4B467F\r'
HA7E:  '\r'
HA7E:  'C200000701550228\r'
HA7E:  'C200000701550228\r'
HA7E:  '44\r'
HA7E:  'C200000701550228\r'
HA7E:  'BE50014B467FFF101049\r'
Convert BE50014B467FFF101049 21.0
HA7E:  '26000007014AF528\r'
HA7E:  '26000007014AF528\r'
HA7E:  '44\r'
HA7E:  '26000007014AF528\r'
HA7E:  'BE51014B467FFF0F10FE\r'
Convert BE51014B467FFF0F10FE 21.0625
Traceback (most recent call last):
  File "temp.py", line 110, in <module>
    m = Metrology()
  File "temp.py", line 20, in __init__
    self.run()
  File "temp.py", line 28, in run
    temp = self.readTemp(s)
  File "temp.py", line 79, in readTemp
    self.deviceSelect(dev)
  File "temp.py", line 90, in deviceSelect
    self.serWrite('A%s' % str(dev))
  File "temp.py", line 97, in serWrite
    time.sleep(self.delay) #this delay is necessary
KeyboardInterrupt
['26000007014AF528', 'F0000007012AB328', 'C200000701550228']
HA7E:  '\x0026000007014AF528\r'
HA7E:  '4E4B467F\r'
HA7E:  '4'
HA7E:  '26000007014AF528\r'
HA7E:  '26000007014AF528\r'
HA7E:  '44\r'
HA7E:  '26000007014AF528\r'
HA7E:  'BE51014B467FFF0F10FE\r'
Convert BE51014B467FFF0F10FE 21.0625
HA7E:  'F0000007012AB328\r'
HA7E:  '4E4B467F\r'
HA7E:  '\r'
HA7E:  'F0000007012AB328\r'
HA7E:  'F0000007012AB328\r'
HA7E:  '44\r'
HA7E:  'F0000007012AB328\r'
HA7E:  'BE51014B467FFF0F10FE\r'
Convert BE51014B467FFF0F10FE 21.0625
HA7E:  'C200000701550228\r'
HA7E:  '4E4B467F\r'
HA7E:  '\r'
HA7E:  'C200000701550228\r'
HA7E:  'C200000701550228\r'
HA7E:  '44\r'
HA7E:  'C200000701550228\r'
HA7E:  'BE50014B467FFF101049\r'
Convert BE50014B467FFF101049 21.0
HA7E:  '26000007014AF528\r'
HA7E:  '26000007014AF528\r'
HA7E:  '44\r'
HA7E:  '26000007014AF528\r'
HA7E:  'BE51014B467FFF0F10FE\r'
Convert BE51014B467FFF0F10FE 21.0625
HA7E:  'F0000007012AB328\r'
HA7E:  'F0000007012AB328\r'
HA7E:  '44\r'
HA7E:  'F0000007012AB328\r'
HA7E:  'BE51014B467FFF0F10FE\r'
Convert BE51014B467FFF0F10FE 21.0625
HA7E:  'C200000701550228\r'
HA7E:  'C200000701550228\r'
HA7E:  '44\r'
HA7E:  'C200000701550228\r'
HA7E:  'BE50014B467FFF101049\r'
Convert BE50014B467FFF101049 21.0
20151117T010804,21.0625,21.0625,21.0
HA7E:  '26000007014AF528\r'
HA7E:  '26000007014AF528\r'
HA7E:  '44\r'
HA7E:  '26000007014AF528\r'
HA7E:  'BE51014B467FFF0F10FE\r'
Convert BE51014B467FFF0F10FE 21.0625
HA7E:  'F0000007012AB328\r'
HA7E:  'F0000007012AB328\r'
HA7E:  '44\r'
HA7E:  'F0000007012AB328\r'
HA7E:  'BE51014B467FFF0F10FE\r'
Convert BE51014B467FFF0F10FE 21.0625
HA7E:  'C200000701550228\r'
HA7E:  'C200000701550228\r'
HA7E:  '44\r'
HA7E:  'C200000701550228\r'
HA7E:  'BE50014B467FFF101049\r'
Convert BE50014B467FFF101049 21.0
20151117T010820,21.0625,21.0625,21.0
HA7E:  '26000007014AF528\r'
HA7E:  '26000007014AF528\r'
HA7E:  '44\r'
HA7E:  '26000007014AF528\r'
HA7E:  'BE51014B467FFF0F10FE\r'
Convert BE51014B467FFF0F10FE 21.0625
HA7E:  'F0000007012AB328\r'
HA7E:  '\r0000007012AB328\r'
HA7E:  '44\r'
HA7E:  'F0000007012AB328\r'
HA7E:  'BE51014B467FFF0F10FE\r'
Convert BE51014B467FFF0F10FE 21.0625
HA7E:  'C200000701550228\r'
HA7E:  'C200000701550228\r'
HA7E:  '44\r'
HA7E:  'C200000701550228\r'
HA7E:  'BE50014B467FFF101049\r'
Convert BE50014B467FFF101049 21.0
20151117T010836,21.0625,21.0625,21.0
HA7E:  '26000007014AF528\r'
HA7E:  '26000007014AF528\r'
HA7E:  '44\r'
HA7E:  '26000007014AF528\r'
HA7E:  'BE51014B467FFF0F10FE\r'
Convert BE51014B467FFF0F10FE 21.0625
HA7E:  'F0000007012AB328\r'
HA7E:  'F0000007012AB328\r'
HA7E:  '44\r'
HA7E:  'F0000007012AB328\r'
HA7E:  'BE51014B467FFF0F10FE\r'
Convert BE51014B467FFF0F10FE 21.0625
HA7E:  'C200000701550228\r'
HA7E:  'C200000701550228\r'
HA7E:  '44\r'
HA7E:  'C200000701550228\r'
HA7E:  'BE50014B467FFF101049\r'
Convert BE50014B467FFF101049 21.0
20151117T010852,21.0625,21.0625,21.0
HA7E:  '26000007014AF528\r'
HA7E:  '26000007014AF528\r'
HA7E:  '44\r'
HA7E:  '26000007014AF528\r'
HA7E:  'BE51014B467FFF0F10FE\r'
Convert BE51014B467FFF0F10FE 21.0625
HA7E:  'F0000007012AB328\r'
HA7E:  'F0000007012AB328\r'
HA7E:  '44\r'
HA7E:  'F0000007012AB328\r'
HA7E:  'BE51014B467FFF0F10FE\r'
Convert BE51014B467FFF0F10FE 21.0625
HA7E:  'C200000701550228\r'
HA7E:  'C200000701550228\r'
HA7E:  '44\r'
HA7E:  'C200000701550228\r'
HA7E:  'BE50014B467FFF101049\r'
Convert BE50014B467FFF101049 21.0
20151117T010907,21.0625,21.0625,21.0
HA7E:  '26000007014AF528\r'
HA7E:  '26000007014AF528\r'
HA7E:  '44\r'
HA7E:  '26000007014AF528\r'
HA7E:  'BE50014B467FFF101049\r'
Convert BE50014B467FFF101049 21.0
HA7E:  'F0000007012AB328\r'
HA7E:  'F0000007012AB328\r'
HA7E:  '44\r'
HA7E:  'F0000007012AB328\r'
HA7E:  'BE51014B467FFF0F10FE\r'
Convert BE51014B467FFF0F10FE 21.0625
HA7E:  'C200000701550228\r'
HA7E:  'C200000701550228\r'
HA7E:  '44\r'
HA7E:  'C200000701550228\r'
HA7E:  'BE50014B467FFF101049\r'
Convert BE50014B467FFF101049 21.0
20151117T010923,21.0,21.0625,21.0
HA7E:  '26000007014AF528\r'
HA7E:  '26000007014AF528\r'
HA7E:  '44\r'
HA7E:  '26000007014AF528\r'
HA7E:  'BE51014B467FFF0F10FE\r'
Convert BE51014B467FFF0F10FE 21.0625
HA7E:  'F0000007012AB328\r'
HA7E:  'F0000007012AB328\r'
HA7E:  '44\r'
HA7E:  'F0000007012AB328\r'
HA7E:  'BE50014B467FFF101049\r'
Convert BE50014B467FFF101049 21.0
HA7E:  'C200000701550228\r'
HA7E:  'C200000701550228\r'
HA7E:  '44\r'
HA7E:  'C200000701550228\r'
Traceback (most recent call last):
  File "temp.py", line 110, in <module>
    m = Metrology()
  File "temp.py", line 20, in __init__
    self.run()
  File "temp.py", line 28, in run
    temp = self.readTemp(s)
  File "temp.py", line 84, in readTemp
    output = self.serWrite('W0ABEFFFFFFFFFFFFFFFFFF')
  File "temp.py", line 98, in serWrite
    out = self.ser.readline()
  File "/usr/lib/python2.7/dist-packages/serial/serialposix.py", line 446, in read
    ready,_,_ = select.select([self.fd],[],[], self._timeout)
KeyboardInterrupt
['26000007014AF528', 'F0000007012AB328', 'C200000701550228']
HA7E:  '\x0026000007014AF528\r'
HA7E:  '4E4B467F\r'
HA7E:  '\r'
HA7E:  '26000007014AF528\r'
HA7E:  '26000007014AF528\r'
HA7E:  '44\r'
HA7E:  '26000007014AF528\r'
HA7E:  'BE51014B467FFF0F10FE\r'
Convert BE51014B467FFF0F10FE 21.0625
HA7E:  'F0000007012AB328\r'
HA7E:  '4E4B467F\r'
HA7E:  '\r'
HA7E:  'F0000007012AB328\r'
HA7E:  'F0000007012AB328\r'
HA7E:  '44\r'
HA7E:  'F0000007012AB328\r'
HA7E:  'BE50014B467FFF101049\r'
Convert BE50014B467FFF101049 21.0
HA7E:  'C200000701550228\r'
HA7E:  '4E4B467F\r'
HA7E:  '4'
HA7E:  'C200000701550228\r'
HA7E:  'C200000701550228\r'
HA7E:  '44\r'
HA7E:  'C200000701550228\r'
HA7E:  'BE50014B467FFF101049\r'
Convert BE50014B467FFF101049 21.0
HA7E:  '26000007014AF528\r'
HA7E:  '26000007014AF528\r'
HA7E:  '44\r'
HA7E:  '26000007014AF528\r'
HA7E:  'BE50014B467FFF101049\r'
Convert BE50014B467FFF101049 21.0
HA7E:  'F0000007012AB328\r'
HA7E:  'F0000007012AB328\r'
HA7E:  '44\r'
HA7E:  'F0000007012AB328\r'
HA7E:  'BE50014B467FFF101049\r'
Convert BE50014B467FFF101049 21.0
HA7E:  'C200000701550228\r'
HA7E:  'C200000701550228\r'
HA7E:  '44\r'
HA7E:  'C200000701550228\r'
HA7E:  'BE4F014B467FFF0110CF\r'
Convert BE4F014B467FFF0110CF 20.9375
20151117T011015Z,21.0,21.0,20.9375
HA7E:  '26000007014AF528\r'
HA7E:  '26000007014AF528\r'
HA7E:  '44\r'
HA7E:  '26000007014AF528\r'
HA7E:  'BE51014B467FFF0F10FE\r'
Convert BE51014B467FFF0F10FE 21.0625
HA7E:  'F0000007012AB328\r'
HA7E:  'F0000007012AB328\r'
HA7E:  '44\r'
HA7E:  'F0000007012AB328\r'
HA7E:  'BE50014B467FFF101049\r'
Convert BE50014B467FFF101049 21.0
HA7E:  'C200000701550228\r'
HA7E:  'C200000701550228\r'
HA7E:  '44\r'
HA7E:  'C200000701550228\r'
HA7E:  'BE50014B467FFF101049\r'
Convert BE50014B467FFF101049 21.0
20151117T011030Z,21.0625,21.0,21.0
HA7E:  '26000007014AF528\r'
HA7E:  '26000007014AF528\r'
HA7E:  '44\r'
HA7E:  '26000007014AF528\r'
HA7E:  'BE51014B467FFF0F10FE\r'
Convert BE51014B467FFF0F10FE 21.0625
HA7E:  'F0000007012AB328\r'
HA7E:  'F0000007012AB328\r'
HA7E:  '44\r'
HA7E:  'F0000007012AB328\r'
HA7E:  'BE50014B467FFF101049\r'
Convert BE50014B467FFF101049 21.0
HA7E:  'C200000701550228\r'
HA7E:  'C200000701550228\r'
HA7E:  '44\r'
HA7E:  'C200000701550228\r'
HA7E:  'BE50014B467FFF101049\r'
Convert BE50014B467FFF101049 21.0
20151117T011046Z,21.0625,21.0,21.0
HA7E:  '26000007014AF528\r'
HA7E:  '26000007014AF528\r'
HA7E:  '44\r'
HA7E:  '26000007014AF528\r'
HA7E:  'BE51014B467FFF0F10FE\r'
Convert BE51014B467FFF0F10FE 21.0625
HA7E:  'F0000007012AB328\r'
HA7E:  'F0000007012AB328\r'
HA7E:  '44\r'
HA7E:  'F0000007012AB328\r'
HA7E:  'BE50014B467FFF101049\r'
Convert BE50014B467FFF101049 21.0
HA7E:  'C200000701550228\r'
HA7E:  'C200000701550228\r'
HA7E:  '44\r'
HA7E:  'C200000701550228\r'
HA7E:  'BE50014B467FFF101049\r'
Convert BE50014B467FFF101049 21.0
20151117T011102Z,21.0625,21.0,21.0
HA7E:  '26000007014AF528\r'
HA7E:  '26000007014AF528\r'
HA7E:  '44\r'
HA7E:  '26000007014AF528\r'
HA7E:  'BE50014B467FFF101049\r'
Convert BE50014B467FFF101049 21.0
HA7E:  'F0000007012AB328\r'
HA7E:  'F0000007012AB328\r'
HA7E:  '44\r'
HA7E:  'F0000007012AB328\r'
HA7E:  'BE50014B467FFF101049\r'
Convert BE50014B467FFF101049 21.0
HA7E:  'C200000701550228\r'
HA7E:  'C200000701550228\r'
HA7E:  '44\r'
HA7E:  'C200000701550228\r'
HA7E:  'BE4F014B467FFF0110CF\r'
Convert BE4F014B467FFF0110CF 20.9375
20151117T011118Z,21.0,21.0,20.9375
HA7E:  '26000007014AF528\r'
HA7E:  '26000007014AF528\r'
HA7E:  '44\r'
HA7E:  '26000007014AF528\r'
HA7E:  'BE50014B467FFF101049\r'
Convert BE50014B467FFF101049 21.0
HA7E:  'F0000007012AB328\r'
HA7E:  'F0000007012AB328\r'
HA7E:  '44\r'
HA7E:  'F0000007012AB328\r'
HA7E:  'BE50014B467FFF101049\r'
Convert BE50014B467FFF101049 21.0
HA7E:  'C200000701550228\r'
HA7E:  'C200000701550228\r'
HA7E:  '44\r'
HA7E:  'C200000701550228\r'
HA7E:  'BE50014B467FFF101049\r'
Convert BE50014B467FFF101049 21.0
20151117T011134Z,21.0,21.0,21.0
HA7E:  '26000007014AF528\r'
HA7E:  '26000007014AF528\r'
HA7E:  '44\r'
HA7E:  '26000007014AF528\r'
HA7E:  'BE50014B467FFF101049\r'
Convert BE50014B467FFF101049 21.0
HA7E:  'F0000007012['26000007014AF528', 'F0000007012AB328', 'C200000701550228']
HA7E:  '\x0026000007014AF528\r'
HA7E:  '4E4B467F\r'
HA7E:  '\r'
HA7E:  '26000007014AF528\r'
HA7E:  '26000007014AF528\r'
HA7E:  '44\r'
HA7E:  '26000007014AF528\r'
Traceback (most recent call last):
  File "temp.py", line 109, in <module>
    m = Metrology()
  File "temp.py", line 19, in __init__
    self.setupSensors()
  File "temp.py", line 40, in setupSensors
    self.readTemp(s)
  File "temp.py", line 83, in readTemp
    output = self.serWrite('W0ABEFFFFFFFFFFFFFFFFFF')
  File "temp.py", line 97, in serWrite
    out = self.ser.readline()
  File "/usr/lib/python2.7/dist-packages/serial/serialposix.py", line 446, in read
    ready,_,_ = select.select([self.fd],[],[], self._timeout)
KeyboardInterrupt
['26000007014AF528', 'F0000007012AB328', 'C200000701550228']
HA7E:  '\x0026000007014AF528\r'
HA7E:  '4E4B467F\r'
HA7E:  '\r'
HA7E:  '26000007014AF528\r'
HA7E:  '26000007014AF528\r'
HA7E:  '44\r'
HA7E:  '26000007014AF528\r'
HA7E:  'BE50014B467FFF101049\r'
Convert BE50014B467FFF101049 21.0
HA7E:  'F0000007012AB328\r'
HA7E:  '4E4B467F\r'
HA7E:  '\r'
HA7E:  'F0000007012AB328\r'
HA7E:  'F0000007012AB328\r'
HA7E:  '44\r'
HA7E:  'F0000007012AB328\r'
HA7E:  'BE50014B467FFF101049\r'
Convert BE50014B467FFF101049 21.0
HA7E:  'C200000701550228\r'
HA7E:  '4E4B467F\r'
HA7E:  '\r'
HA7E:  'C200000701550228\r'
HA7E:  'C200000701550228\r'
HA7E:  '44\r'
HA7E:  'C200000701550228\r'
HA7E:  'BE4F014B467FFF0110CF\r'
Convert BE4F014B467FFF0110CF 20.9375
HA7E:  '26000007014AF528\r'
HA7E:  '26000007014AF528\r'
HA7E:  '44\r'
HA7E:  '26000007014AF528\r'
HA7E:  'BE50014B467FFF101049\r'
Convert BE50014B467FFF101049 21.0
HA7E:  'F0000007012AB328\r'
HA7E:  'F0000007012AB328\r'
HA7E:  '44\r'
HA7E:  'F0000007012AB328\r'
HA7E:  'BE50014B467FFF101049\r'
Convert BE50014B467FFF101049 21.0
HA7E:  'C200000701550228\r'
HA7E:  'C200000701550228\r'
HA7E:  '44\r'
HA7E:  'C200000701550228\r'
HA7E:  'BE50014B467FFF101049\r'
Convert BE50014B467FFF101049 21.0
20151117T011355Z,21.0,21.0,21.0
HA7E:  '26000007014AF528\r'
HA7E:  '26000007014AF528\r'
HA7E:  '44\r'
HA7E:  '26000007014AF528\r'
HA7E:  'BE51014B467FFF0F10FE\r'
Convert BE51014B467FFF0F10FE 21.0625
HA7E:  'F0000007012AB328\r'
HA7E:  'F0000007012AB328\r'
HA7E:  '44\r'
HA7E:  'F0000007012AB328\r'
HA7E:  'BE50014B467FFF101049\r'
Convert BE50014B467FFF101049 21.0
HA7E:  'C200000701550228\r'
HA7E:  'C200000701550228\r'
HA7E:  '44\r'
HA7E:  'C200000701550228\r'
HA7E:  'BE50014B467FFF101049\r'
Convert BE50014B467FFF101049 21.0
20151117T011438Z,21.0625,21.0,21.0
HA7E:  '26000007014AF528\r'
HA7E:  '26000007014AF528\r'
HA7E:  '44\r'
HA7E:  '26000007014AF528\r'
HA7E:  'BE51014B467FFF0F10FE\r'
Convert BE51014B467FFF0F10FE 21.0625
HA7E:  'F0000007012AB328\r'
HA7E:  'F0000007012AB328\r'
HA7E:  '44\r'
HA7E:  'F0000007012AB328\r'
HA7E:  'BE50014B467FFF101049\r'
Convert BE50014B467FFF101049 21.0
HA7E:  'C200000701550228\r'
HA7E:  'C200000701550228\r'
HA7E:  '44\r'
HA7E:  'C200000701550228\r'
HA7E:  'BE50014B467FFF101049\r'
Convert BE50014B467FFF101049 21.0
20151117T011522Z,21.0625,21.0,21.0
HA7E:  '26000007014AF528\r'
HA7E:  '26000007014AF528\r'
HA7E:  '44\r'
HA7E:  '26000007014AF528\r'
HA7E:  'BE51014B467FFF0F10FE\r'
Convert BE51014B467FFF0F10FE 21.0625
HA7E:  'F0000007012AB328\r'
HA7E:  'F0000007012AB328\r'
HA7E:  '44\r'
HA7E:  'F0000007012AB328\r'
HA7E:  'BE50014B467FFF101049\r'
Convert BE50014B467FFF101049 21.0
HA7E:  'C200000701550228\r'
HA7E:  'C200000701550228\r'
HA7E:  '44\r'
HA7E:  'C200000701550228\r'
HA7E:  'BE50014B467FFF101049\r'
Convert BE50014B467FFF101049 21.0
20151117T011605Z,21.0625,21.0,21.0
HA7E:  '26000007014AF528\r'
HA7E:  '26000007014AF528\r'
HA7E:  '44\r'
HA7E:  '26000007014AF528\r'
HA7E:  'BE51014B467FFF0F10FE\r'
Convert BE51014B467FFF0F10FE 21.0625
HA7E:  'F0000007012AB328\r'
HA7E:  'F0000007012AB328\r'
HA7E:  '44\r'
HA7E:  'F0000007012AB328\r'
HA7E:  'BE50014B467FFF101049\r'
Convert BE50014B467FFF101049 21.0
HA7E:  'C200000701550228\r'
HA7E:  'C200000701550228\r'
HA7E:  '44\r'
HA7E:  'C200000701550228\r'
HA7E:  'BE50014B467FFF101049\r'
Convert BE50014B467FFF101049 21.0
20151117T011649Z,21.0625,21.0,21.0
HA7E:  '26000007014AF528\r'
HA7E:  '26000007014AF528\r'
HA7E:  '44\r'
HA7E:  '26000007014AF528\r'
HA7E:  'BE51014B467FFF0F10FE\r'
Convert BE51014B467FFF0F10FE 21.0625
HA7E:  'F0000007012AB328\r'
HA7E:  'F0000007012AB328\r'
HA7E:  '44\r'
HA7E:  'F0000007012AB328\r'
HA7E:  'BE50014B467FFF101049\r'
Convert BE50014B467FFF101049 21.0
HA7E:  'C200000701550228\r'
HA7E:  'C200000701550228\r'
HA7E:  '44\r'
HA7E:  'C200000701550228\r'
HA7E:  'BE50014B467FFF101049\r'
Convert BE50014B467FFF101049 21.0
20151117T011732Z,21.0625,21.0,21.0
HA7E:  '26000007014AF528\r'
HA7E:  '26000007014AF528\r'
HA7E:  '44\r'
HA7E:  '26000007014AF528\r'
HA7E:  'BE51014B467FFF0F10FE\r'
Convert BE51014B467FFF0F10FE 21.0625
HA7E:  'F0000007012AB328\r'
HA7E:  'F0000007012AB328\r'
HA7E:  '44\r'
HA7E:  'F0000007012AB328\r'
HA7E:  'BE51014B467FFF0F10FE\r'
Convert BE51014B467FFF0F10FE 21.0625
HA7E:  'C200000701550228\r'
HA7E:  'C200000701550228\r'
HA7E:  '44\r'
HA7E:  'C200000701550228\r'
HA7E:  'BE51014B467FFF0F10FE\r'
Convert BE51014B467FFF0F10FE 21.0625
20151117T011816Z,21.0625,21.0625,21.0625
HA7E:  '26000007014AF528\r'
HA7E:  '26000007014AF528\r'
HA7E:  '44\r'
HA7E:  '26000007014AF528\r'
HA7E:  'BE51014B467FFF0F10FE\r'
Convert BE51014B467FFF0F10FE 21.0625
HA7E:  'F0000007012AB328\r'
HA7E:  'F0000007012AB328\r'
HA7E:  '44\r'
HA7E:  'F0000007012AB328\r'
HA7E:  'BE51014B467FFF0F10FE\r'
Convert BE51014B467FFF0F10FE 21.0625
HA7E:  'C200000701550228\r'
HA7E:  'C200000701550228\r'
HA7E:  '44\r'
HA7E:  'C200000701550228\r'
HA7E:  'BE51014B467FFF0F10FE\r'
Convert BE51014B467FFF0F10FE 21.0625
20151117T011900Z,21.0625,21.0625,21.0625
HA7E:  '26000007014AF528\r'
HA7E:  '26000007014AF528\r'
HA7E:  '44\r'
HA7E:  '26000007014AF528\r'
HA7E:  'BE51014B467FFF0F10FE\r'
Convert BE51014B467FFF0F10FE 21.0625
HA7E:  'F0000007012AB328\r'
HA7E:  'F0000007012AB328\r'
HA7E:  '44\r'
HA7E:  'F0000007012AB328\r'
HA7E:  'BE51014B467FFF0F10FE\r'
Convert BE51014B467FFF0F10FE 21.0625
HA7E:  'C200000701550228\r'
HA7E:  'C200000701550228\r'
HA7E:  '44\r'
HA7E:  'C200000701550228\r'
HA7E:  'BE51014B467FFF0F10FE\r'
Convert BE51014B467FFF0F10FE 21.0625
20151117T011943Z,21.0625,21.0625,21.0625
HA7E:  '26000007014AF528\r'
HA7E:  '26000007014AF528\r'
HA7E:  '44\r'
HA7E:  '26000007014AF528\r'
HA7E:  'BE52014B467FFF0E10FF\r'
Convert BE52014B467FFF0E10FF 21.125
HA7E:  'F0000007012AB328\r'
HA7E:  'F0000007012AB328\r'
HA7E:  '44\r'
HA7E:  'F0000007012AB328\r'
HA7E:  'BE52014B467FFF0E10FF\r'
Convert BE52014B467FFF0E10FF 21.125
HA7E:  'C200000701550228\r'
HA7E:  'C200000701550228\r'
HA7E:  '44\r'
HA7E:  'C200000701550228\r'
HA7E:  'BE51014B467FFF0F10FE\r'
Convert BE51014B467FFF0F10FE 21.0625
20151117T012027Z,21.125,21.125,21.0625
HA7E:  '26000007014AF528\r'
HA7E:  '26000007014AF528\r'
HA7E:  '44\r'
HA7E:  '26000007014AF528\r'
HA7E:  'BE52014B467FFF0E10FF\r'
Convert BE52014B467FFF0E10FF 21.125
HA7E:  'F0000007012AB328\r'
HA7E:  'F0000007012AB328\r'
HA7E:  '44\r'
HA7E:  'F0000007012AB328\r'
HA7E:  'BE52014B467FFF0E10FF\r'
Convert BE52014B467FFF0E10FF 21.125
HA7E:  'C200000701550228\r'
HA7E:  'C200000701550228\r'
HA7E:  '44\r'
HA7E:  'C200000701550228\r'
HA7E:  'BE51014B467FFF0F10FE\r'
Convert BE51014B467FFF0F10FE 21.0625
20151117T012110Z,21.125,21.125,21.0625
HA7E:  '26000007014AF528\r'
HA7E:  '26000007014AF528\r'
HA7E:  '44\r'
HA7E:  '26000007014AF528\r'
HA7E:  'BE52014B467FFF0E10FF\r'
Convert BE52014B467FFF0E10FF 21.125
HA7E:  'F0000007012AB328\r'
HA7E:  'F0000007012AB328\r'
HA7E:  '44\r'
HA7E:  'F0000007012AB328\r'
HA7E:  'BE52014B467FFF0E10FF\r'
Convert BE52014B467FFF0E10FF 21.125
HA7E:  'C200000701550228\r'
HA7E:  'C200000701550228\r'
HA7E:  '44\r'
HA7E:  'C200000701550228\r'
HA7E:  'BE52014B467FFF0E10FF\r'
Convert BE52014B467FFF0E10FF 21.125
20151117T012154Z,21.125,21.125,21.125
HA7E:  '26000007014AF528\r'
HA7E:  '26000007014AF528\r'
HA7E:  '44\r'
HA7E:  '26000007014AF528\r'
HA7E:  'BE52014B467FFF0E10FF\r'
Convert BE52014B467FFF0E10FF 21.125
HA7E:  'F0000007012AB328\r'
HA7E:  'F0000007012AB328\r'
HA7E:  '44\r'
HA7E:  'F0000007012AB328\r'
HA7E:  'BE51014B467FFF0F10FE\r'
Convert BE51014B467FFF0F10FE 21.0625
HA7E:  'C200000701550228\r'
HA7E:  'C200000701550228\r'
HA7E:  '44\r'
HA7E:  'C200000701550228\r'
HA7E:  'BE51014B467FFF0F10FE\r'
Convert BE51014B467FFF0F10FE 21.0625
20151117T012237Z,21.125,21.0625,21.0625
HA7E:  '26000007014AF528\r'
HA7E:  '26000007014AF528\r'
HA7E:  '44\r'
HA7E:  '26000007014AF528\r'
HA7E:  'BE52014B467FFF0E10FF\r'
Convert BE52014B467FFF0E10FF 21.125
HA7E:  'F0000007012AB328\r'
HA7E:  'F0000007012AB328\r'
HA7E:  '44\r'
HA7E:  'F0000007012AB328\r'
HA7E:  'BE51014B467FFF0F10FE\r'
Convert BE51014B467FFF0F10FE 21.0625
HA7E:  'C200000701550228\r'
HA7E:  'C200000701550228\r'
HA7E:  '44\r'
HA7E:  'C200000701550228\r'
HA7E:  'BE51014B467FFF0F10FE\r'
Convert BE51014B467FFF0F10FE 21.0625
20151117T012321Z,21.125,21.0625,21.0625
HA7E:  '26000007014AF528\r'
HA7E:  '26000007014AF528\r'
HA7E:  '44\r'
HA7E:  '26000007014AF528\r'
HA7E:  'BE52014B467FFF0E10FF\r'
Convert BE52014B467FFF0E10FF 21.125
HA7E:  'F0000007012AB328\r'
HA7E:  'F0000007012AB328\r'
HA7E:  '44\r'
HA7E:  'F0000007012AB328\r'
HA7E:  'BE52014B467FFF0E10FF\r'
Convert BE52014B467FFF0E10FF 21.125
HA7E:  'C200000701550228\r'
HA7E:  'C200000701550228\r'
HA7E:  '44\r'
HA7E:  'C200000701550228\r'
HA7E:  'BE51014B467FFF0F10FE\r'
Convert BE51014B467FFF0F10FE 21.0625
20151117T012404Z,21.125,21.125,21.0625
HA7E:  '26000007014AF528\r'
HA7E:  '26000007014AF528\r'
HA7E:  '44\r'
HA7E:  '26000007014AF528\r'
HA7E:  'BE52014B467FFF0E10FF\r'
Convert BE52014B467FFF0E10FF 21.125
HA7E:  'F0000007012AB328\r'
HA7E:  'F0000007012AB328\r'
HA7E:  '44\r'
HA7E:  'F0000007012AB328\r'
HA7E:  'BE52014B467FFF0E10FF\r'
Convert BE52014B467FFF0E10FF 21.125
HA7E:  'C200000701550228\r'
HA7E:  'C200000701550228\r'
HA7E:  '44\r'
HA7E:  'C200000701550228\r'
HA7E:  'BE51014B467FFF0F10FE\r'
Convert BE51014B467FFF0F10FE 21.0625
20151117T012448Z,21.125,21.125,21.0625
HA7E:  '26000007014AF528\r'
HA7E:  '26000007014AF528\r'
HA7E:  '44\r'
HA7E:  '26000007014AF528\r'
HA7E:  'BE52014B467FFF0E10FF\r'
Convert BE52014B467FFF0E10FF 21.125
HA7E:  'F0000007012AB328\r'
HA7E:  'F0000007012AB328\r'
HA7E:  '\r00'
HA7E:  'F0000007012AB328\r'
HA7E:  'BE52014B467FFF0E10FF\r'
Convert BE52014B467FFF0E10FF 21.125
HA7E:  'C200000701550228\r'
HA7E:  'C200000701550228\r'
HA7E:  '44\r'
HA7E:  'C200000701550228\r'
HA7E:  'BE52014B467FFF0E10FF\r'
Convert BE52014B467FFF0E10FF 21.125
20151117T012532Z,21.125,21.125,21.125
HA7E:  '26000007014AF528\r'
HA7E:  '26000007014AF528\r'
HA7E:  '44\r'
HA7E:  '26000007014AF528\r'
HA7E:  'BE53014B467FFF0D10E9\r'
Convert BE53014B467FFF0D10E9 21.1875
HA7E:  'F0000007012AB328\r'
HA7E:  'F0000007012AB328\r'
HA7E:  '44\r'
HA7E:  'F0000007012AB328\r'
HA7E:  'BE52014B467FFF0E10FF\r'
Convert BE52014B467FFF0E10FF 21.125
HA7E:  'C200000701550228\r'
HA7E:  'C200000701550228\r'
HA7E:  '44\r'
HA7E:  'C200000701550228\r'
HA7E:  'BE52014B467FFF0E10FF\r'
Convert BE52014B467FFF0E10FF 21.125
20151117T012615Z,21.1875,21.125,21.125
HA7E:  '26000007014AF528\r'
HA7E:  '26000007014AF528\r'
HA7E:  '44\r'
HA7E:  '26000007014AF528\r'
HA7E:  'BE52014B467FFF0E10FF\r'
Convert BE52014B467FFF0E10FF 21.125
HA7E:  'F0000007012AB328\r'
HA7E:  'F0000007012AB328\r'
HA7E:  '44\r'
HA7E:  'F0000007012AB328\r'
HA7E:  'BE52014B467FFF0E10FF\r'
Convert BE52014B467FFF0E10FF 21.125
HA7E:  'C200000701550228\r'
HA7E:  'C200000701550228\r'
HA7E:  '44\r'
HA7E:  'C200000701550228\r'
HA7E:  'BE52014B467FFF0E10FF\r'
Convert BE52014B467FFF0E10FF 21.125
20151117T012659Z,21.125,21.125,21.125
HA7E:  '26000007014AF528\r'
HA7E:  '26000007014AF528\r'
HA7E:  '44\r'
HA7E:  '26000007014AF528\r'
HA7E:  'BE52014B467FFF0E10FF\r'
Convert BE52014B467FFF0E10FF 21.125
HA7E:  'F0000007012AB328\r'
HA7E:  'F0000007012AB328\r'
HA7E:  '\r00'
HA7E:  'F0000007012AB328\r'
HA7E:  'BE52014B467FFF0E10FF\r'
Convert BE52014B467FFF0E10FF 21.125
HA7E:  'C200000701550228\r'
HA7E:  'C200000701550228\r'
HA7E:  '44\r'
HA7E:  'C200000701550228\r'
HA7E:  'BE52014B467FFF0E10FF\r'
Convert BE52014B467FFF0E10FF 21.125
20151117T012742Z,21.125,21.125,21.125
HA7E:  '26000007014AF528\r'
HA7E:  '26000007014AF528\r'
HA7E:  '44\r'
HA7E:  '26000007014AF528\r'
HA7E:  'BE53014B467FFF0D10E9\r'
Convert BE53014B467FFF0D10E9 21.1875
HA7E:  'F0000007012AB328\r'
HA7E:  'F0000007012AB328\r'
HA7E:  '44\r'
HA7E:  'F0000007012AB328\r'
HA7E:  'BE52014B467FFF0E10FF\r'
Convert BE52014B467FFF0E10FF 21.125
HA7E:  'C200000701550228\r'
HA7E:  'C200000701550228\r'
HA7E:  '44\r'
HA7E:  'C200000701550228\r'
HA7E:  'BE52014B467FFF0E10FF\r'
Convert BE52014B467FFF0E10FF 21.125
20151117T012826Z,21.1875,21.125,21.125
HA7E:  '26000007014AF528\r'
HA7E:  '26000007014AF528\r'
HA7E:  '44\r'
HA7E:  '26000007014AF528\r'
HA7E:  'BE53014B467FFF0D10E9\r'
Convert BE53014B467FFF0D10E9 21.1875
HA7E:  'F0000007012AB328\r'
HA7E:  'F0000007012AB328\r'
HA7E:  '44\r'
HA7E:  'F0000007012AB328\r'
HA7E:  'BE52014B467FFF0E10FF\r'
Convert BE52014B467FFF0E10FF 21.125
HA7E:  'C200000701550228\r'
HA7E:  'C200000701550228\r'
HA7E:  '44\r'
HA7E:  'C200000701550228\r'
HA7E:  'BE52014B467FFF0E10FF\r'
Convert BE52014B467FFF0E10FF 21.125
20151117T012909Z,21.1875,21.125,21.125
HA7E:  '26000007014AF528\r'
HA7E:  '26000007014AF528\r'
HA7E:  '44\r'
HA7E:  '26000007014AF528\r'
HA7E:  'BE53014B467FFF0D10E9\r'
Convert BE53014B467FFF0D10E9 21.1875
HA7E:  'F0000007012AB328\r'
HA7E:  'F0000007012AB328\r'
HA7E:  '44\r'
HA7E:  'F0000007012AB328\r'
HA7E:  'BE52014B467FFF0E10FF\r'
Convert BE52014B467FFF0E10FF 21.125
HA7E:  'C200000701550228\r'
HA7E:  'C200000701550228\r'
HA7E:  '44\r'
HA7E:  'C200000701550228\r'
HA7E:  'BE52014B467FFF0E10FF\r'
Convert BE52014B467FFF0E10FF 21.125
20151117T012953Z,21.1875,21.125,21.125
HA7E:  '26000007014AF528\r'
HA7E:  '26000007014AF528\r'
HA7E:  '44\r'
HA7E:  '26000007014AF528\r'
HA7E:  'BE52014B467FFF0E10FF\r'
Convert BE52014B467FFF0E10FF 21.125
HA7E:  'F0000007012AB328\r'
HA7E:  'F0000007012AB328\r'
HA7E:  '44\r'
HA7E:  'F0000007012AB328\r'
HA7E:  'BE52014B467FFF0E10FF\r'
Convert BE52014B467FFF0E10FF 21.125
HA7E:  'C200000701550228\r'
HA7E:  'C200000701550228\r'
HA7E:  '44\r'
HA7E:  'C200000701550228\r'
HA7E:  'BE51014B467FFF0F10FE\r'
Convert BE51014B467FFF0F10FE 21.0625
20151117T013036Z,21.125,21.125,21.0625
HA7E:  '26000007014AF528\r'
HA7E:  '26000007014AF528\r'
HA7E:  '44\r'
HA7E:  '26000007014AF528\r'
HA7E:  'BE52014B467FFF0E10FF\r'
Convert BE52014B467FFF0E10FF 21.125
HA7E:  'F0000007012AB328\r'
HA7E:  'F0000007012AB328\r'
HA7E:  '44\r'
HA7E:  'F0000007012AB328\r'
HA7E:  'BE51014B467FFF0F10FE\r'
Convert BE51014B467FFF0F10FE 21.0625
HA7E:  'C200000701550228\r'
HA7E:  'C200000701550228\r'
HA7E:  '44\r'
HA7E:  'C200000701550228\r'
HA7E:  'BE52014B467FFF0E10FF\r'
Convert BE52014B467FFF0E10FF 21.125
20151117T013120Z,21.125,21.0625,21.125
HA7E:  '26000007014AF528\r'
HA7E:  '26000007014AF528\r'
HA7E:  '44\r'
HA7E:  '26000007014AF528\r'
HA7E:  'BE52014B467FFF0E10FF\r'
Convert BE52014B467FFF0E10FF 21.125
HA7E:  'F0000007012AB328\r'
HA7E:  'F0000007012AB328\r'
HA7E:  '44\r'
HA7E:  'F0000007012AB328\r'
HA7E:  'BE51014B467FFF0F10FE\r'
Convert BE51014B467FFF0F10FE 21.0625
HA7E:  'C200000701550228\r'
HA7E:  'C200000701550228\r'
HA7E:  '44\r'
HA7E:  'C200000701550228\r'
HA7E:  'BE51014B467FFF0F10FE\r'
Convert BE51014B467FFF0F10FE 21.0625
20151117T013204Z,21.125,21.0625,21.0625
HA7E:  '26000007014AF528\r'
HA7E:  '26000007014AF528\r'
HA7E:  '44\r'
HA7E:  '26000007014AF528\r'
HA7E:  'BE52014B467FFF0E10FF\r'
Convert BE52014B467FFF0E10FF 21.125
HA7E:  'F0000007012AB328\r'
HA7E:  'F0000007012AB328\r'
HA7E:  '44\r'
HA7E:  'F0000007012AB328\r'
HA7E:  'BE51014B467FFF0F10FE\r'
Convert BE51014B467FFF0F10FE 21.0625
HA7E:  'C200000701550228\r'
HA7E:  'C200000701550228\r'
HA7E:  '44\r'
HA7E:  'C200000701550228\r'
HA7E:  'BE51014B467FFF0F10FE\r'
Convert BE51014B467FFF0F10FE 21.0625
20151117T013247Z,21.125,21.0625,21.0625
HA7E:  '26000007014AF528\r'
HA7E:  '26000007014AF528\r'
HA7E:  '44\r'
HA7E:  '26000007014AF528\r'
HA7E:  'BE51014B467FFF0F10FE\r'
Convert BE51014B467FFF0F10FE 21.0625
HA7E:  'F0000007012AB328\r'
HA7E:  'F0000007012AB328\r'
HA7E:  '44\r'
HA7E:  'F0000007012AB328\r'
HA7E:  'BE51014B467FFF0F10FE\r'
Convert BE51014B467FFF0F10FE 21.0625
HA7E:  'C200000701550228\r'
HA7E:  'C200000701550228\r'
HA7E:  '44\r'
HA7E:  'C200000701550228\r'
HA7E:  'BE51014B467FFF0F10FE\r'
Convert BE51014B467FFF0F10FE 21.0625
20151117T013331Z,21.0625,21.0625,21.0625
HA7E:  '26000007014AF528\r'
HA7E:  '26000007014AF528\r'
HA7E:  '44\r'
HA7E:  '26000007014AF528\r'
HA7E:  'BE51014B467FFF0F10FE\r'
Convert BE51014B467FFF0F10FE 21.0625
HA7E:  'F0000007012AB328\r'
HA7E:  'F0000007012AB328\r'
HA7E:  '44\r'
HA7E:  'F0000007012AB328\r'
HA7E:  'BE51014B467FFF0F10FE\r'
Convert BE51014B467FFF0F10FE 21.0625
HA7E:  'C200000701550228\r'
HA7E:  'C200000701550228\r'
HA7E:  '44\r'
HA7E:  'C200000701550228\r'
HA7E:  'BE51014B467FFF0F10FE\r'
Convert BE51014B467FFF0F10FE 21.0625
20151117T013414Z,21.0625,21.0625,21.0625
HA7E:  '26000007014AF528\r'
HA7E:  '26000007014AF528\r'
HA7E:  '44\r'
HA7E:  '26000007014AF528\r'
HA7E:  'BE52014B467FFF0E10FF\r'
Convert BE52014B467FFF0E10FF 21.125
HA7E:  'F0000007012AB328\r'
HA7E:  'F0000007012AB328\r'
HA7E:  '44\r'
HA7E:  'F0000007012AB328\r'
HA7E:  'BE51014B467FFF0F10FE\r'
Convert BE51014B467FFF0F10FE 21.0625
HA7E:  'C200000701550228\r'
HA7E:  'C200000701550228\r'
HA7E:  '44\r'
HA7E:  'C200000701550228\r'
HA7E:  'BE51014B467FFF0F10FE\r'
Convert BE51014B467FFF0F10FE 21.0625
20151117T013458Z,21.125,21.0625,21.0625
HA7E:  '26000007014AF528\r'
HA7E:  '26000007014AF528\r'
HA7E:  '44\r'
HA7E:  '26000007014AF528\r'
HA7E:  'BE52014B467FFF0E10FF\r'
Convert BE52014B467FFF0E10FF 21.125
HA7E:  'F0000007012AB328\r'
HA7E:  'F0000007012AB328\r'
HA7E:  '44\r'
HA7E:  'F0000007012AB328\r'
HA7E:  'BE51014B467FFF0F10FE\r'
Convert BE51014B467FFF0F10FE 21.0625
HA7E:  'C200000701550228\r'
HA7E:  'C200000701550228\r'
HA7E:  '44\r'
HA7E:  'C200000701550228\r'
HA7E:  'BE51014B467FFF0F10FE\r'
Convert BE51014B467FFF0F10FE 21.0625
20151117T013541Z,21.125,21.0625,21.0625
HA7E:  '26000007014AF528\r'
HA7E:  '26000007014AF528\r'
HA7E:  '44\r'
HA7E:  '26000007014AF528\r'
HA7E:  'BE52014B467FFF0E10FF\r'
Convert BE52014B467FFF0E10FF 21.125
HA7E:  'F0000007012AB328\r'
HA7E:  'F0000007012AB328\r'
HA7E:  '44\r'
HA7E:  'F0000007012AB328\r'
HA7E:  'BE51014B467FFF0F10FE\r'
Convert BE51014B467FFF0F10FE 21.0625
HA7E:  'C200000701550228\r'
HA7E:  'C200000701550228\r'
HA7E:  '44\r'
HA7E:  'C200000701550228\r'
HA7E:  'BE51014B467FFF0F10FE\r'
Convert BE51014B467FFF0F10FE 21.0625
20151117T013625Z,21.125,21.0625,21.0625
HA7E:  '26000007014AF528\r'
HA7E:  '26000007014AF528\r'
HA7E:  '44\r'
HA7E:  '26000007014AF528\r'
HA7E:  'BE52014B467FFF0E10FF\r'
Convert BE52014B467FFF0E10FF 21.125
HA7E:  'F0000007012AB328\r'
HA7E:  'F0000007012AB328\r'
HA7E:  '44\r'
HA7E:  'F0000007012AB328\r'
HA7E:  'BE52014B467FFF0E10FF\r'
Convert BE52014B467FFF0E10FF 21.125
HA7E:  'C200000701550228\r'
HA7E:  'C200000701550228\r'
HA7E:  '44\r'
HA7E:  'C200000701550228\r'
HA7E:  'BE51014B467FFF0F10FE\r'
Convert BE51014B467FFF0F10FE 21.0625
20151117T013708Z,21.125,21.125,21.0625
HA7E:  '26000007014AF528\r'
HA7E:  '26000007014AF528\r'
HA7E:  '44\r'
HA7E:  '26000007014AF528\r'
HA7E:  'BE52014B467FFF0E10FF\r'
Convert BE52014B467FFF0E10FF 21.125
HA7E:  'F0000007012AB328\r'
HA7E:  'F0000007012AB328\r'
HA7E:  '44\r'
HA7E:  'F0000007012AB328\r'
HA7E:  'BE52014B467FFF0E10FF\r'
Convert BE52014B467FFF0E10FF 21.125
HA7E:  'C200000701550228\r'
HA7E:  'C200000701550228\r'
HA7E:  '44\r'
HA7E:  'C200000701550228\r'
HA7E:  'BE52014B467FFF0E10FF\r'
Convert BE52014B467FFF0E10FF 21.125
20151117T013752Z,21.125,21.125,21.125
HA7E:  '26000007014AF528\r'
HA7E:  '26000007014AF528\r'
HA7E:  '44\r'
HA7E:  '26000007014AF528\r'
HA7E:  'BE53014B467FFF0D10E9\r'
Convert BE53014B467FFF0D10E9 21.1875
HA7E:  'F0000007012AB328\r'
HA7E:  'F0000007012AB328\r'
HA7E:  '44\r'
HA7E:  'F0000007012AB328\r'
HA7E:  'BE52014B467FFF0E10FF\r'
Convert BE52014B467FFF0E10FF 21.125
HA7E:  'C200000701550228\r'
HA7E:  'C200000701550228\r'
HA7E:  '44\r'
HA7E:  'C200000701550228\r'
HA7E:  'BE51014B467FFF0F10FE\r'
Convert BE51014B467FFF0F10FE 21.0625
20151117T013836Z,21.1875,21.125,21.0625
HA7E:  '26000007014AF528\r'
HA7E:  '26000007014AF528\r'
HA7E:  '44\r'
HA7E:  '26000007014AF528\r'
HA7E:  'BE52014B467FFF0E10FF\r'
Convert BE52014B467FFF0E10FF 21.125
HA7E:  'F0000007012AB328\r'
HA7E:  'F0000007012AB328\r'
HA7E:  '44\r'
HA7E:  'F0000007012AB328\r'
HA7E:  'BE52014B467FFF0E10FF\r'
Convert BE52014B467FFF0E10FF 21.125
HA7E:  'C200000701550228\r'
HA7E:  'C200000701550228\r'
HA7E:  '44\r'
HA7E:  'C200000701550228\r'
HA7E:  'BE52014B467FFF0E10FF\r'
Convert BE52014B467FFF0E10FF 21.125
20151117T013919Z,21.125,21.125,21.125
HA7E:  '26000007014AF528\r'
HA7E:  '26000007014AF528\r'
HA7E:  '44\r'
HA7E:  '26000007014AF528\r'
HA7E:  'BE53014B467FFF0D10E9\r'
Convert BE53014B467FFF0D10E9 21.1875
HA7E:  'F0000007012AB328\r'
HA7E:  'F0000007012AB328\r'
HA7E:  '44\r'
HA7E:  'F0000007012AB328\r'
HA7E:  'BE52014B467FFF0E10FF\r'
Convert BE52014B467FFF0E10FF 21.125
HA7E:  'C200000701550228\r'
HA7E:  'C200000701550228\r'
HA7E:  '44\r'
HA7E:  'C200000701550228\r'
HA7E:  'BE52014B467FFF0E10FF\r'
Convert BE52014B467FFF0E10FF 21.125
20151117T014003Z,21.1875,21.125,21.125
HA7E:  '26000007014AF528\r'
HA7E:  '26000007014AF528\r'
HA7E:  '44\r'
HA7E:  '26000007014AF528\r'
HA7E:  'BE52014B467FFF0E10FF\r'
Convert BE52014B467FFF0E10FF 21.125
HA7E:  'F0000007012AB328\r'
HA7E:  'F0000007012AB328\r'
HA7E:  '44\r'
HA7E:  'F0000007012AB328\r'
HA7E:  'BE52014B467FFF0E10FF\r'
Convert BE52014B467FFF0E10FF 21.125
HA7E:  'C200000701550228\r'
HA7E:  'C200000701550228\r'
HA7E:  '44\r'
HA7E:  'C200000701550228\r'
HA7E:  'BE52014B467FFF0E10FF\r'
Convert BE52014B467FFF0E10FF 21.125
20151117T014046Z,21.125,21.125,21.125
HA7E:  '26000007014AF528\r'
HA7E:  '26000007014AF528\r'
HA7E:  '44\r'
HA7E:  '26000007014AF528\r'
HA7E:  'BE53014B467FFF0D10E9\r'
Convert BE53014B467FFF0D10E9 21.1875
HA7E:  'F0000007012AB328\r'
HA7E:  'F0000007012AB328\r'
HA7E:  '44\r'
HA7E:  'F0000007012AB328\r'
HA7E:  'BE52014B467FFF0E10FF\r'
Convert BE52014B467FFF0E10FF 21.125
HA7E:  'C200000701550228\r'
HA7E:  'C200000701550228\r'
HA7E:  '44\r'
HA7E:  'C200000701550228\r'
HA7E:  'BE52014B467FFF0E10FF\r'
Convert BE52014B467FFF0E10FF 21.125
20151117T014130Z,21.1875,21.125,21.125
HA7E:  '26000007014AF528\r'
HA7E:  '26000007014AF528\r'
HA7E:  '44\r'
HA7E:  '26000007014AF528\r'
HA7E:  'BE53014B467FFF0D10E9\r'
Convert BE53014B467FFF0D10E9 21.1875
HA7E:  'F0000007012AB328\r'
HA7E:  'F0000007012AB328\r'
HA7E:  '44\r'
HA7E:  'F0000007012AB328\r'
HA7E:  'BE53014B467FFF0D10E9\r'
Convert BE53014B467FFF0D10E9 21.1875
HA7E:  'C200000701550228\r'
HA7E:  'C200000701550228\r'
HA7E:  '44\r'
HA7E:  'C200000701550228\r'
HA7E:  'BE52014B467FFF0E10FF\r'
Convert BE52014B467FFF0E10FF 21.125
20151117T014213Z,21.1875,21.1875,21.125
HA7E:  '26000007014AF528\r'
HA7E:  '26000007014AF528\r'
HA7E:  '44\r'
HA7E:  '26000007014AF528\r'
HA7E:  'BE53014B467FFF0D10E9\r'
Convert BE53014B467FFF0D10E9 21.1875
HA7E:  'F0000007012AB328\r'
HA7E:  'F0000007012AB328\r'
HA7E:  '44\r'
HA7E:  'F0000007012AB328\r'
HA7E:  'BE52014B467FFF0E10FF\r'
Convert BE52014B467FFF0E10FF 21.125
HA7E:  'C200000701550228\r'
HA7E:  'C200000701550228\r'
HA7E:  '44\r'
HA7E:  'C200000701550228\r'
HA7E:  'BE52014B467FFF0E10FF\r'
Convert BE52014B467FFF0E10FF 21.125
20151117T014257Z,21.1875,21.125,21.125
HA7E:  '26000007014AF528\r'
HA7E:  '26000007014AF528\r'
HA7E:  '44\r'
HA7E:  '26000007014AF528\r'
HA7E:  'BE53014B467FFF0D10E9\r'
Convert BE53014B467FFF0D10E9 21.1875
HA7E:  'F0000007012AB328\r'
HA7E:  'F0000007012AB328\r'
HA7E:  '44\r'
HA7E:  'F0000007012AB328\r'
HA7E:  'BE52014B467FFF0E10FF\r'
Convert BE52014B467FFF0E10FF 21.125
HA7E:  'C200000701550228\r'
HA7E:  'C200000701550228\r'
HA7E:  '44\r'
HA7E:  'C200000701550228\r'
HA7E:  'BE52014B467FFF0E10FF\r'
Convert BE52014B467FFF0E10FF 21.125
20151117T014340Z,21.1875,21.125,21.125
HA7E:  '26000007014AF528\r'
HA7E:  '26000007014AF528\r'
HA7E:  '44\r'
HA7E:  '26000007014AF528\r'
HA7E:  'BE53014B467FFF0D10E9\r'
Convert BE53014B467FFF0D10E9 21.1875
HA7E:  'F0000007012AB328\r'
HA7E:  'F0000007012AB328\r'
HA7E:  '44\r'
HA7E:  'F0000007012AB328\r'
HA7E:  'BE52014B467FFF0E10FF\r'
Convert BE52014B467FFF0E10FF 21.125
HA7E:  'C200000701550228\r'
HA7E:  'C200000701550228\r'
HA7E:  '44\r'
HA7E:  'C200000701550228\r'
HA7E:  'BE52014B467FFF0E10FF\r'
Convert BE52014B467FFF0E10FF 21.125
20151117T014424Z,21.1875,21.125,21.125
HA7E:  '26000007014AF528\r'
HA7E:  '26000007014AF528\r'
HA7E:  '44\r'
HA7E:  '26000007014AF528\r'
HA7E:  'BE52014B467FFF0E10FF\r'
Convert BE52014B467FFF0E10FF 21.125
HA7E:  'F0000007012AB328\r'
HA7E:  'F0000007012AB328\r'
HA7E:  '44\r'
HA7E:  'F0000007012AB328\r'
HA7E:  'BE52014B467FFF0E10FF\r'
Convert BE52014B467FFF0E10FF 21.125
HA7E:  'C200000701550228\r'
HA7E:  'C200000701550228\r'
HA7E:  '44\r'
HA7E:  'C200000701550228\r'
HA7E:  'BE52014B467FFF0E10FF\r'
Convert BE52014B467FFF0E10FF 21.125
20151117T014508Z,21.125,21.125,21.125
HA7E:  '26000007014AF528\r'
HA7E:  '26000007014AF528\r'
HA7E:  '44\r'
HA7E:  '26000007014AF528\r'
HA7E:  'BE53014B467FFF0D10E9\r'
Convert BE53014B467FFF0D10E9 21.1875
HA7E:  'F0000007012AB328\r'
HA7E:  'F0000007012AB328\r'
HA7E:  '44\r'
HA7E:  'F0000007012AB328\r'
HA7E:  'BE52014B467FFF0E10FF\r'
Convert BE52014B467FFF0E10FF 21.125
HA7E:  'C200000701550228\r'
HA7E:  'C200000701550228\r'
HA7E:  '44\r'
HA7E:  'C200000701550228\r'
HA7E:  'BE51014B467FFF0F10FE\r'
Convert BE51014B467FFF0F10FE 21.0625
20151117T014551Z,21.1875,21.125,21.0625
HA7E:  '26000007014AF528\r'
HA7E:  '26000007014AF528\r'
HA7E:  '44\r'
HA7E:  '26000007014AF528\r'
HA7E:  'BE52014B467FFF0E10FF\r'
Convert BE52014B467FFF0E10FF 21.125
HA7E:  'F0000007012AB328\r'
HA7E:  'F0000007012AB328\r'
HA7E:  '44\r'
HA7E:  'F0000007012AB328\r'
HA7E:  'BE51014B467FFF0F10FE\r'
Convert BE51014B467FFF0F10FE 21.0625
HA7E:  'C200000701550228\r'
HA7E:  'C200000701550228\r'
HA7E:  '44\r'
HA7E:  'C200000701550228\r'
HA7E:  'BE51014B467FFF0F10FE\r'
Convert BE51014B467FFF0F10FE 21.0625
20151117T014635Z,21.125,21.0625,21.0625
HA7E:  '26000007014AF528\r'
HA7E:  '26000007014AF528\r'
HA7E:  '44\r'
HA7E:  '26000007014AF528\r'
HA7E:  'BE51014B467FFF0F10FE\r'
Convert BE51014B467FFF0F10FE 21.0625
HA7E:  'F0000007012AB328\r'
HA7E:  'F0000007012AB328\r'
HA7E:  '44\r'
HA7E:  'F0000007012AB328\r'
HA7E:  '\r0000007012FFF0F10FE\r'
Convert 0000007012FFF0F10FE 0.0
HA7E:  'C200000701550228\r'
HA7E:  'C200000701550228\r'
HA7E:  '\r20'
HA7E:  '\r200000701550228\r'
HA7E:  '\r2000007015FFF0F10FE\r'
Convert 2000007015FFF0F10FE 0.0
20151117T014718Z,21.0625,0.0,0.0
HA7E:  '10FE\r007015AF528\r'
HA7E:  '\r0FE\r007015AF528\r'
HA7E:  '\r0F'
HA7E:  '\r0FE\r007015AF528\r'
HA7E:  'BE51014B467FFF0F10FE\r'
Convert BE51014B467FFF0F10FE 21.0625
HA7E:  '10FE\r14B467AB328\r'
HA7E:  'F0000007012AB328\r'
HA7E:  '\r00'
HA7E:  '\r0000007012AB328\r'
HA7E:  'BE51014B467FFF0F10FE\r'
Convert BE51014B467FFF0F10FE 21.0625
HA7E:  'C200000701550228\r'
HA7E:  'C200000701550228\r'
HA7E:  '\r20'
HA7E:  '\r200000701550228\r'
HA7E:  'BE51014B467FFF0F10FE\r'
Convert BE51014B467FFF0F10FE 21.0625
20151117T014802Z,21.0625,21.0625,21.0625
HA7E:  '10FE\r14B467AF528\r'
HA7E:  '\r0FE\r14B467AF528\r'
HA7E:  '\r0F'
HA7E:  '\r0FE\r14B467AF528\r'
HA7E:  '\r0FE\r14B467FFF0E10FF\r'
Traceback (most recent call last):
  File "temp.py", line 109, in <module>
    m = Metrology()
  File "temp.py", line 20, in __init__
    self.run()
  File "temp.py", line 28, in run
    temp = self.readTemp(s)
  File "temp.py", line 84, in readTemp
    t = self.convert(output)
  File "temp.py", line 105, in convert
    temp = int('0x%s' % lm,0)/16.
ValueError: invalid literal for int() with base 0: '0x\r1FE'
